[    43.749] (--) Log file renamed from "/home/yluo002/.local/share/xorg/Xorg.pid-1587.log" to "/home/yluo002/.local/share/xorg/Xorg.0.log"
[    43.756] 
X.Org X Server 1.20.8
X Protocol Version 11, Revision 0
[    43.756] Build Operating System: Linux 4.4.0-184-generic x86_64 Ubuntu
[    43.756] Current Operating System: Linux ubuntu 5.4.0-47-generic #51-Ubuntu SMP Fri Sep 4 19:50:52 UTC 2020 x86_64
[    43.756] Kernel command line: BOOT_IMAGE=/boot/vmlinuz-5.4.0-47-generic root=UUID=cc1ca712-cc26-43cf-bf8d-d031c3e9859a ro find_preseed=/preseed.cfg auto noprompt priority=critical locale=en_US quiet
[    43.756] Build Date: 24 June 2020  06:00:21AM
[    43.756] xorg-server 2:1.20.8-2ubuntu2.2 (For technical support please see http://www.ubuntu.com/support) 
[    43.756] Current version of pixman: 0.38.4
[    43.756] 	Before reporting problems, check http://wiki.x.org
	to make sure that you have the latest version.
[    43.756] Markers: (--) probed, (**) from config file, (==) default setting,
	(++) from command line, (!!) notice, (II) informational,
	(WW) warning, (EE) error, (NI) not implemented, (??) unknown.
[    43.756] (==) Log file: "/home/yluo002/.local/share/xorg/Xorg.0.log", Time: Tue Sep 22 11:00:18 2020
[    43.759] (==) Using system config directory "/usr/share/X11/xorg.conf.d"
[    43.768] (==) No Layout section.  Using the first Screen section.
[    43.768] (==) No screen section available. Using defaults.
[    43.768] (**) |-->Screen "Default Screen Section" (0)
[    43.768] (**) |   |-->Monitor "<default monitor>"
[    43.771] (==) No monitor specified for screen "Default Screen Section".
	Using a default monitor configuration.
[    43.771] (==) Automatically adding devices
[    43.771] (==) Automatically enabling devices
[    43.771] (==) Automatically adding GPU devices
[    43.771] (==) Automatically binding GPU devices
[    43.772] (==) Max clients allowed: 256, resource mask: 0x1fffff
[    43.772] (WW) The directory "/usr/share/fonts/X11/cyrillic" does not exist.
[    43.772] 	Entry deleted from font path.
[    43.772] (WW) The directory "/usr/share/fonts/X11/100dpi/" does not exist.
[    43.772] 	Entry deleted from font path.
[    43.772] (WW) The directory "/usr/share/fonts/X11/75dpi/" does not exist.
[    43.772] 	Entry deleted from font path.
[    43.772] (WW) The directory "/usr/share/fonts/X11/100dpi" does not exist.
[    43.772] 	Entry deleted from font path.
[    43.772] (WW) The directory "/usr/share/fonts/X11/75dpi" does not exist.
[    43.772] 	Entry deleted from font path.
[    43.772] (==) FontPath set to:
	/usr/share/fonts/X11/misc,
	/usr/share/fonts/X11/Type1,
	built-ins
[    43.772] (==) ModulePath set to "/usr/lib/xorg/modules"
[    43.772] (II) The server relies on udev to provide the list of input devices.
	If no devices become available, reconfigure udev or disable AutoAddDevices.
[    43.772] (II) Loader magic: 0x5558f8e87020
[    43.772] (II) Module ABI versions:
[    43.772] 	X.Org ANSI C Emulation: 0.4
[    43.772] 	X.Org Video Driver: 24.1
[    43.772] 	X.Org XInput driver : 24.1
[    43.772] 	X.Org Server Extension : 10.0
[    43.774] (++) using VT number 2

[    43.778] (II) systemd-logind: took control of session /org/freedesktop/login1/session/_32
[    43.780] (II) xfree86: Adding drm device (/dev/dri/card0)
[    43.783] (II) systemd-logind: got fd for /dev/dri/card0 226:0 fd 12 paused 0
[    43.793] (--) PCI:*(0@0:15:0) 15ad:0405:15ad:0405 rev 0, Mem @ 0xe8000000/134217728, 0xfe000000/8388608, I/O @ 0x00001070/16, BIOS @ 0x????????/131072
[    43.794] (II) LoadModule: "glx"
[    43.803] (II) Loading /usr/lib/xorg/modules/extensions/libglx.so
[    43.811] (II) Module glx: vendor="X.Org Foundation"
[    43.811] 	compiled for 1.20.8, module version = 1.0.0
[    43.811] 	ABI class: X.Org Server Extension, version 10.0
[    43.811] (==) Matched vmware as autoconfigured driver 0
[    43.811] (==) Matched modesetting as autoconfigured driver 1
[    43.811] (==) Matched fbdev as autoconfigured driver 2
[    43.811] (==) Matched vesa as autoconfigured driver 3
[    43.812] (==) Assigned the driver to the xf86ConfigLayout
[    43.812] (II) LoadModule: "vmware"
[    43.812] (II) Loading /usr/lib/xorg/modules/drivers/vmware_drv.so
[    43.936] (II) Module vmware: vendor="X.Org Foundation"
[    43.936] 	compiled for 1.20.8, module version = 13.3.0
[    43.936] 	Module class: X.Org Video Driver
[    43.936] 	ABI class: X.Org Video Driver, version 24.1
[    43.937] (II) LoadModule: "modesetting"
[    43.937] (II) Loading /usr/lib/xorg/modules/drivers/modesetting_drv.so
[    43.943] (II) Module modesetting: vendor="X.Org Foundation"
[    43.943] 	compiled for 1.20.8, module version = 1.20.8
[    43.944] 	Module class: X.Org Video Driver
[    43.944] 	ABI class: X.Org Video Driver, version 24.1
[    43.944] (II) LoadModule: "fbdev"
[    43.944] (II) Loading /usr/lib/xorg/modules/drivers/fbdev_drv.so
[    43.946] (II) Module fbdev: vendor="X.Org Foundation"
[    43.946] 	compiled for 1.20.1, module version = 0.5.0
[    43.947] 	Module class: X.Org Video Driver
[    43.947] 	ABI class: X.Org Video Driver, version 24.0
[    43.947] (II) LoadModule: "vesa"
[    43.947] (II) Loading /usr/lib/xorg/modules/drivers/vesa_drv.so
[    43.950] (II) Module vesa: vendor="X.Org Foundation"
[    43.950] 	compiled for 1.20.4, module version = 2.4.0
[    43.950] 	Module class: X.Org Video Driver
[    43.950] 	ABI class: X.Org Video Driver, version 24.0
[    43.950] (II) vmware: driver for VMware SVGA: vmware0405, vmware0710
[    43.951] (II) modesetting: Driver for Modesetting Kernel Drivers: kms
[    43.951] (II) FBDEV: driver for framebuffer: fbdev
[    43.951] (II) VESA: driver for VESA chipsets: vesa
[    43.952] xf86EnableIOPorts: failed to set IOPL for I/O (Operation not permitted)
[    43.952] (WW) Falling back to old probe method for modesetting
[    43.954] (WW) Falling back to old probe method for fbdev
[    43.954] (II) Loading sub module "fbdevhw"
[    43.954] (II) LoadModule: "fbdevhw"
[    43.955] (II) Loading /usr/lib/xorg/modules/libfbdevhw.so
[    43.956] (II) Module fbdevhw: vendor="X.Org Foundation"
[    43.956] 	compiled for 1.20.8, module version = 0.0.2
[    43.956] 	ABI class: X.Org Video Driver, version 24.1
[    43.958] (EE) open /dev/fb0: Permission denied
[    43.958] (WW) VGA arbiter: cannot open kernel arbiter, no multi-card support
[    43.958] (II) vmware(0): Creating default Display subsection in Screen section
	"Default Screen Section" for depth/fbbpp 24/32
[    43.958] (--) vmware(0): DRM driver version is 2.15.0
[    43.958] (==) vmware(0): Depth 24, (--) framebuffer bpp 32
[    43.958] (==) vmware(0): RGB weight 888
[    43.958] (==) vmware(0): Default visual is TrueColor
[    43.958] (--) vmware(0): Min width 1, Max Width 16384.
[    43.958] (--) vmware(0): Min height 1, Max Height 16384.
[    43.959] (II) vmware(0): Output Virtual1 has no monitor section
[    43.959] (II) vmware(0): Output Virtual2 has no monitor section
[    43.960] (II) vmware(0): Output Virtual3 has no monitor section
[    43.960] (II) vmware(0): Output Virtual4 has no monitor section
[    43.960] (II) vmware(0): Output Virtual5 has no monitor section
[    43.960] (II) vmware(0): Output Virtual6 has no monitor section
[    43.960] (II) vmware(0): Output Virtual7 has no monitor section
[    43.960] (II) vmware(0): Output Virtual8 has no monitor section
[    43.960] (II) vmware(0): Printing probed modes for output Virtual1
[    43.960] (II) vmware(0): Modeline "1718x926"x60.0  120.59  1718 1768 1818 1868  926 976 1026 1076 -hsync +vsync (64.6 kHz eP)
[    43.960] (II) vmware(0): Modeline "2560x1600"x60.0  348.50  2560 2752 3032 3504  1600 1603 1609 1658 -hsync +vsync (99.5 kHz e)
[    43.960] (II) vmware(0): Modeline "1920x1440"x60.0  234.00  1920 2048 2256 2600  1440 1441 1444 1500 -hsync +vsync (90.0 kHz e)
[    43.960] (II) vmware(0): Modeline "1856x1392"x60.0  218.25  1856 1952 2176 2528  1392 1393 1396 1439 -hsync +vsync (86.3 kHz e)
[    43.960] (II) vmware(0): Modeline "1792x1344"x60.0  204.75  1792 1920 2120 2448  1344 1345 1348 1394 -hsync +vsync (83.6 kHz e)
[    43.960] (II) vmware(0): Modeline "1920x1200"x59.9  193.25  1920 2056 2256 2592  1200 1203 1209 1245 -hsync +vsync (74.6 kHz e)
[    43.960] (II) vmware(0): Modeline "1600x1200"x60.0  162.00  1600 1664 1856 2160  1200 1201 1204 1250 +hsync +vsync (75.0 kHz e)
[    43.960] (II) vmware(0): Modeline "1680x1050"x60.0  146.25  1680 1784 1960 2240  1050 1053 1059 1089 -hsync +vsync (65.3 kHz e)
[    43.960] (II) vmware(0): Modeline "1400x1050"x60.0  121.75  1400 1488 1632 1864  1050 1053 1057 1089 -hsync +vsync (65.3 kHz e)
[    43.960] (II) vmware(0): Modeline "1280x1024"x60.0  108.00  1280 1328 1440 1688  1024 1025 1028 1066 +hsync +vsync (64.0 kHz e)
[    43.960] (II) vmware(0): Modeline "1440x900"x59.9  106.50  1440 1520 1672 1904  900 903 909 934 -hsync +vsync (55.9 kHz e)
[    43.960] (II) vmware(0): Modeline "1280x960"x60.0  108.00  1280 1376 1488 1800  960 961 964 1000 +hsync +vsync (60.0 kHz e)
[    43.960] (II) vmware(0): Modeline "1360x768"x60.0   85.50  1360 1424 1536 1792  768 771 777 795 +hsync +vsync (47.7 kHz e)
[    43.960] (II) vmware(0): Modeline "1280x800"x59.8   83.50  1280 1352 1480 1680  800 803 809 831 +hsync -vsync (49.7 kHz e)
[    43.960] (II) vmware(0): Modeline "1152x864"x75.0  108.00  1152 1216 1344 1600  864 865 868 900 +hsync +vsync (67.5 kHz e)
[    43.960] (II) vmware(0): Modeline "1280x768"x59.9   79.50  1280 1344 1472 1664  768 771 778 798 -hsync +vsync (47.8 kHz e)
[    43.960] (II) vmware(0): Modeline "1024x768"x60.0   65.00  1024 1048 1184 1344  768 771 777 806 -hsync -vsync (48.4 kHz e)
[    43.960] (II) vmware(0): Modeline "800x600"x60.3   40.00  800 840 968 1056  600 601 605 628 +hsync +vsync (37.9 kHz e)
[    43.960] (II) vmware(0): Modeline "640x480"x59.9   25.18  640 656 752 800  480 489 492 525 -hsync -vsync (31.5 kHz e)
[    43.960] (II) vmware(0): EDID for output Virtual2
[    43.960] (II) vmware(0): EDID for output Virtual3
[    43.960] (II) vmware(0): EDID for output Virtual4
[    43.960] (II) vmware(0): EDID for output Virtual5
[    43.960] (II) vmware(0): EDID for output Virtual6
[    43.960] (II) vmware(0): EDID for output Virtual7
[    43.960] (II) vmware(0): EDID for output Virtual8
[    43.960] (II) vmware(0): Output Virtual1 connected
[    43.960] (II) vmware(0): Output Virtual2 disconnected
[    43.960] (II) vmware(0): Output Virtual3 disconnected
[    43.960] (II) vmware(0): Output Virtual4 disconnected
[    43.960] (II) vmware(0): Output Virtual5 disconnected
[    43.960] (II) vmware(0): Output Virtual6 disconnected
[    43.960] (II) vmware(0): Output Virtual7 disconnected
[    43.960] (II) vmware(0): Output Virtual8 disconnected
[    43.960] (II) vmware(0): Using exact sizes for initial modes
[    43.960] (II) vmware(0): Output Virtual1 using initial mode 1718x926 +0+0
[    43.960] (==) vmware(0): DPI set to (96, 96)
[    43.960] (==) vmware(0): Using gamma correction (1.0, 1.0, 1.0)
[    43.960] (II) Loading sub module "fb"
[    43.960] (II) LoadModule: "fb"
[    43.960] (II) Loading /usr/lib/xorg/modules/libfb.so
[    43.963] (II) Module fb: vendor="X.Org Foundation"
[    43.963] 	compiled for 1.20.8, module version = 1.0.0
[    43.963] 	ABI class: X.Org ANSI C Emulation, version 0.4
[    43.963] (II) Loading sub module "dri2"
[    43.963] (II) LoadModule: "dri2"
[    43.963] (II) Module "dri2" already built-in
[    43.963] (II) Loading sub module "dri3"
[    43.963] (II) LoadModule: "dri3"
[    43.963] (II) Module "dri3" already built-in
[    43.963] (II) UnloadModule: "modesetting"
[    43.963] (II) Unloading modesetting
[    43.963] (II) UnloadModule: "fbdev"
[    43.963] (II) Unloading fbdev
[    43.963] (II) UnloadSubModule: "fbdevhw"
[    43.963] (II) Unloading fbdevhw
[    43.963] (II) UnloadModule: "vesa"
[    43.963] (II) Unloading vesa
[    43.966] (II) vmware(0): Initialized VMWARE_CTRL extension version 0.2
[    44.025] (II) vmware(0): Gallium3D XA version: 2.5.0.
[    44.025] (II) vmware(0): Path of drm device is "/dev/dri/card0".
[    44.025] (II) vmware(0): [DRI2] Setup complete
[    44.025] (II) vmware(0): [DRI2]   DRI driver: vmwgfx
[    44.210] (--) vmware(0): Render acceleration is enabled.
[    44.210] (==) vmware(0): Rendercheck mode is disabled.
[    44.210] (--) vmware(0): Direct rendering (DRI2 3D) is enabled.
[    44.210] (--) vmware(0): Direct rendering (DRI3 3D) is enabled.
[    44.210] (==) vmware(0): Direct presents are disabled.
[    44.210] (==) vmware(0): Hardware only presents are automatic per scanout.
[    44.210] (==) vmware(0): Backing store enabled
[    44.210] (==) vmware(0): Silken mouse enabled
[    44.213] (==) vmware(0): DPMS enabled
[    44.213] (II) Initializing extension Generic Event Extension
[    44.213] (II) Initializing extension SHAPE
[    44.213] (II) Initializing extension MIT-SHM
[    44.214] (II) Initializing extension XInputExtension
[    44.215] (II) Initializing extension XTEST
[    44.215] (II) Initializing extension BIG-REQUESTS
[    44.215] (II) Initializing extension SYNC
[    44.216] (II) Initializing extension XKEYBOARD
[    44.216] (II) Initializing extension XC-MISC
[    44.216] (II) Initializing extension SECURITY
[    44.216] (II) Initializing extension XFIXES
[    44.216] (II) Initializing extension RENDER
[    44.216] (II) Initializing extension RANDR
[    44.217] (II) Initializing extension COMPOSITE
[    44.218] (II) Initializing extension DAMAGE
[    44.218] (II) Initializing extension MIT-SCREEN-SAVER
[    44.219] (II) Initializing extension DOUBLE-BUFFER
[    44.219] (II) Initializing extension RECORD
[    44.220] (II) Initializing extension DPMS
[    44.220] (II) Initializing extension Present
[    44.220] (II) Initializing extension DRI3
[    44.220] (II) Initializing extension X-Resource
[    44.220] (II) Initializing extension XVideo
[    44.220] (II) Initializing extension XVideo-MotionCompensation
[    44.220] (II) Initializing extension SELinux
[    44.220] (II) SELinux: Disabled on system
[    44.220] (II) Initializing extension GLX
[    44.236] (II) AIGLX: Loaded and initialized vmwgfx
[    44.236] (II) GLX: Initialized DRI2 GL provider for screen 0
[    44.237] (II) Initializing extension XFree86-VidModeExtension
[    44.237] (II) Initializing extension XFree86-DGA
[    44.237] (II) Initializing extension XFree86-DRI
[    44.237] (II) Initializing extension DRI2
[    44.270] (II) vmware(0): Setting screen physical size to 454 x 245
[    44.362] (II) config/udev: Adding input device Power Button (/dev/input/event0)
[    44.362] (**) Power Button: Applying InputClass "libinput keyboard catchall"
[    44.362] (II) LoadModule: "libinput"
[    44.362] (II) Loading /usr/lib/xorg/modules/input/libinput_drv.so
[    44.365] (II) Module libinput: vendor="X.Org Foundation"
[    44.365] 	compiled for 1.20.4, module version = 0.29.0
[    44.365] 	Module class: X.Org XInput Driver
[    44.365] 	ABI class: X.Org XInput driver, version 24.1
[    44.365] (II) Using input driver 'libinput' for 'Power Button'
[    44.367] (II) systemd-logind: got fd for /dev/input/event0 13:64 fd 24 paused 0
[    44.368] (**) Power Button: always reports core events
[    44.368] (**) Option "Device" "/dev/input/event0"
[    44.368] (**) Option "_source" "server/udev"
[    44.370] (II) event0  - Power Button: is tagged by udev as: Keyboard
[    44.370] (II) event0  - Power Button: device is a keyboard
[    44.370] (II) event0  - Power Button: device removed
[    44.370] (**) Option "config_info" "udev:/sys/devices/LNXSYSTM:00/LNXPWRBN:00/input/input0/event0"
[    44.371] (II) XINPUT: Adding extended input device "Power Button" (type: KEYBOARD, id 6)
[    44.371] (**) Option "xkb_model" "SKIP"
[    44.371] (**) Option "xkb_layout" "us"
[    44.398] (II) event0  - Power Button: is tagged by udev as: Keyboard
[    44.398] (II) event0  - Power Button: device is a keyboard
[    44.399] (II) config/udev: Adding input device VMware VMware Virtual USB Mouse (/dev/input/event4)
[    44.400] (**) VMware VMware Virtual USB Mouse: Applying InputClass "libinput pointer catchall"
[    44.400] (II) Using input driver 'libinput' for 'VMware VMware Virtual USB Mouse'
[    44.460] (II) systemd-logind: got fd for /dev/input/event4 13:68 fd 27 paused 0
[    44.460] (**) VMware VMware Virtual USB Mouse: always reports core events
[    44.461] (**) Option "Device" "/dev/input/event4"
[    44.461] (**) Option "_source" "server/udev"
[    44.462] (II) event4  - VMware VMware Virtual USB Mouse: is tagged by udev as: Mouse
[    44.462] (II) event4  - VMware VMware Virtual USB Mouse: device is a pointer
[    44.462] (II) event4  - VMware VMware Virtual USB Mouse: device removed
[    44.462] (**) Option "config_info" "udev:/sys/devices/pci0000:00/0000:00:11.0/0000:02:00.0/usb2/2-1/2-1:1.0/0003:0E0F:0003.0001/input/input5/event4"
[    44.462] (II) XINPUT: Adding extended input device "VMware VMware Virtual USB Mouse" (type: MOUSE, id 7)
[    44.462] (**) Option "AccelerationScheme" "none"
[    44.462] (**) VMware VMware Virtual USB Mouse: (accel) selected scheme none/0
[    44.462] (**) VMware VMware Virtual USB Mouse: (accel) acceleration factor: 2.000
[    44.462] (**) VMware VMware Virtual USB Mouse: (accel) acceleration threshold: 4
[    44.463] (II) event4  - VMware VMware Virtual USB Mouse: is tagged by udev as: Mouse
[    44.463] (II) event4  - VMware VMware Virtual USB Mouse: device is a pointer
[    44.464] (II) config/udev: Adding input device VMware VMware Virtual USB Mouse (/dev/input/mouse2)
[    44.464] (II) No input driver specified, ignoring this device.
[    44.464] (II) This device may have been added with another device file.
[    44.464] (II) config/udev: Adding input device AT Translated Set 2 keyboard (/dev/input/event1)
[    44.464] (**) AT Translated Set 2 keyboard: Applying InputClass "libinput keyboard catchall"
[    44.464] (II) Using input driver 'libinput' for 'AT Translated Set 2 keyboard'
[    44.466] (II) systemd-logind: got fd for /dev/input/event1 13:65 fd 28 paused 0
[    44.467] (**) AT Translated Set 2 keyboard: always reports core events
[    44.467] (**) Option "Device" "/dev/input/event1"
[    44.467] (**) Option "_source" "server/udev"
[    44.468] (II) event1  - AT Translated Set 2 keyboard: is tagged by udev as: Keyboard
[    44.468] (II) event1  - AT Translated Set 2 keyboard: device is a keyboard
[    44.469] (II) event1  - AT Translated Set 2 keyboard: device removed
[    44.469] (**) Option "config_info" "udev:/sys/devices/platform/i8042/serio0/input/input1/event1"
[    44.469] (II) XINPUT: Adding extended input device "AT Translated Set 2 keyboard" (type: KEYBOARD, id 8)
[    44.469] (**) Option "xkb_model" "SKIP"
[    44.469] (**) Option "xkb_layout" "us"
[    44.472] (II) event1  - AT Translated Set 2 keyboard: is tagged by udev as: Keyboard
[    44.473] (II) event1  - AT Translated Set 2 keyboard: device is a keyboard
[    44.473] (II) config/udev: Adding input device VirtualPS/2 VMware VMMouse (/dev/input/event3)
[    44.474] (**) VirtualPS/2 VMware VMMouse: Applying InputClass "libinput pointer catchall"
[    44.474] (II) Using input driver 'libinput' for 'VirtualPS/2 VMware VMMouse'
[    44.475] (II) systemd-logind: got fd for /dev/input/event3 13:67 fd 29 paused 0
[    44.475] (**) VirtualPS/2 VMware VMMouse: always reports core events
[    44.475] (**) Option "Device" "/dev/input/event3"
[    44.475] (**) Option "_source" "server/udev"
[    44.477] (II) event3  - VirtualPS/2 VMware VMMouse: is tagged by udev as: Mouse
[    44.477] (II) event3  - VirtualPS/2 VMware VMMouse: device is a pointer
[    44.478] (II) event3  - VirtualPS/2 VMware VMMouse: device removed
[    44.478] (**) Option "config_info" "udev:/sys/devices/platform/i8042/serio1/input/input3/event3"
[    44.478] (II) XINPUT: Adding extended input device "VirtualPS/2 VMware VMMouse" (type: MOUSE, id 9)
[    44.478] (**) Option "AccelerationScheme" "none"
[    44.478] (**) VirtualPS/2 VMware VMMouse: (accel) selected scheme none/0
[    44.478] (**) VirtualPS/2 VMware VMMouse: (accel) acceleration factor: 2.000
[    44.478] (**) VirtualPS/2 VMware VMMouse: (accel) acceleration threshold: 4
[    44.481] (II) event3  - VirtualPS/2 VMware VMMouse: is tagged by udev as: Mouse
[    44.481] (II) event3  - VirtualPS/2 VMware VMMouse: device is a pointer
[    44.482] (II) config/udev: Adding input device VirtualPS/2 VMware VMMouse (/dev/input/mouse1)
[    44.482] (II) No input driver specified, ignoring this device.
[    44.482] (II) This device may have been added with another device file.
[    44.483] (II) config/udev: Adding input device VirtualPS/2 VMware VMMouse (/dev/input/event2)
[    44.483] (**) VirtualPS/2 VMware VMMouse: Applying InputClass "libinput pointer catchall"
[    44.483] (II) Using input driver 'libinput' for 'VirtualPS/2 VMware VMMouse'
[    44.484] (II) systemd-logind: got fd for /dev/input/event2 13:66 fd 30 paused 0
[    44.484] (**) VirtualPS/2 VMware VMMouse: always reports core events
[    44.485] (**) Option "Device" "/dev/input/event2"
[    44.485] (**) Option "_source" "server/udev"
[    44.488] (II) event2  - VirtualPS/2 VMware VMMouse: is tagged by udev as: Mouse
[    44.488] (II) event2  - VirtualPS/2 VMware VMMouse: device is a pointer
[    44.488] (II) event2  - VirtualPS/2 VMware VMMouse: device removed
[    44.488] (**) Option "config_info" "udev:/sys/devices/platform/i8042/serio1/input/input4/event2"
[    44.489] (II) XINPUT: Adding extended input device "VirtualPS/2 VMware VMMouse" (type: MOUSE, id 10)
[    44.489] (**) Option "AccelerationScheme" "none"
[    44.489] (**) VirtualPS/2 VMware VMMouse: (accel) selected scheme none/0
[    44.489] (**) VirtualPS/2 VMware VMMouse: (accel) acceleration factor: 2.000
[    44.489] (**) VirtualPS/2 VMware VMMouse: (accel) acceleration threshold: 4
[    44.491] (II) event2  - VirtualPS/2 VMware VMMouse: is tagged by udev as: Mouse
[    44.491] (II) event2  - VirtualPS/2 VMware VMMouse: device is a pointer
[    44.493] (II) config/udev: Adding input device VirtualPS/2 VMware VMMouse (/dev/input/mouse0)
[    44.493] (II) No input driver specified, ignoring this device.
[    44.493] (II) This device may have been added with another device file.
[    53.255] (!!) vmware(0): New layout.
[    53.255] (!!) vmware(0): 0: 0 0 800 600
[    53.255] (!!) vmware(0): 
[   118.277] (!!) vmware(0): New layout.
[   118.278] (!!) vmware(0): 0: 0 0 800 677
[   118.278] (!!) vmware(0): 
